-----Pikachu VS Neutrel 2-----
Pikachu uses abilitate 2
Neutrel2 uses atac
Pikachu HP: 36
Neutrel2 HP: 16
Pikachu uses atac
Neutrel2 stunned
Pikachu HP: 36
Neutrel2 HP: 11
Pikachu uses abilitate 1
Neutrel2 missed
Pikachu HP: 36
Neutrel2 HP: 5
Pikachu uses atac
Neutrel2 uses atac
Pikachu HP: 35
Neutrel2 HP: 0

Congratiulations! You won this fight!Pikachu has leveled up!
New stats for Pikachu HP: 38
ATT: 0 Sp. ATT: 7
DEF: 4 Sp. DEF: 7

-----Squirtle VS Neutrel 2-----
Squirtle uses abilitate 2
Neutrel2 uses atac
Squirtle HP: 62
Neutrel2 HP: 18
Squirtle uses atac
Neutrel2 stunned
Squirtle HP: 62
Neutrel2 HP: 14
Squirtle uses atac
Neutrel2 uses atac
Squirtle HP: 62
Neutrel2 HP: 10
Squirtle uses abilitate 1
Neutrel2 uses atac
Squirtle HP: 62
Neutrel2 HP: 6
Squirtle uses atac
Neutrel2 uses atac
Squirtle HP: 62
Neutrel2 HP: 2
Squirtle uses abilitate 2
Neutrel2 uses atac
Squirtle HP: 62
Neutrel2 HP: 0

Congratiulations! You won this fight!Squirtle has leveled up!
New stats for Squirtle HP: 63
ATT: 0 Sp. ATT: 6
DEF: 9 Sp. DEF: 8

-----Pikachu VS Neutrel 2-----
Pikachu uses atac
Neutrel2 uses atac
Pikachu HP: 38
Neutrel2 HP: 14
Pikachu uses atac
Neutrel2 uses atac
Pikachu HP: 38
Neutrel2 HP: 8
Pikachu uses abilitate 2
Neutrel2 uses atac
Pikachu HP: 38
Neutrel2 HP: 4
Pikachu uses abilitate 1
Neutrel2 stunned
Pikachu HP: 38
Neutrel2 HP: 0

Congratiulations! You won this fight!Pikachu has leveled up!
New stats for Pikachu HP: 39
ATT: 0 Sp. ATT: 8
DEF: 5 Sp. DEF: 8

-----Squirtle VS Neutrel 2-----
Squirtle uses atac
Neutrel2 uses atac
Squirtle HP: 63
Neutrel2 HP: 15
Squirtle uses abilitate 1
Neutrel2 uses atac
Squirtle HP: 63
Neutrel2 HP: 11
Squirtle uses abilitate 2
Neutrel2 uses atac
Squirtle HP: 63
Neutrel2 HP: 9
Squirtle uses atac
Neutrel2 stunned
Squirtle HP: 63
Neutrel2 HP: 4
Squirtle uses atac
Neutrel2 uses atac
Squirtle HP: 63
Neutrel2 HP: 0

Congratiulations! You won this fight!Squirtle has leveled up!
New stats for Squirtle HP: 64
ATT: 0 Sp. ATT: 7
DEF: 10 Sp. DEF: 9

-----Pikachu VS Neutrel 2-----
Pikachu uses atac
Neutrel2 uses atac
Pikachu HP: 39
Neutrel2 HP: 13
Pikachu uses atac
Neutrel2 uses atac
Pikachu HP: 39
Neutrel2 HP: 6
Pikachu uses atac
Neutrel2 uses atac
Pikachu HP: 39
Neutrel2 HP: 0

Congratiulations! You won this fight!Pikachu has leveled up!
New stats for Pikachu HP: 40
ATT: 0 Sp. ATT: 9
DEF: 6 Sp. DEF: 9

-----Squirtle VS Neutrel 2-----
Squirtle uses abilitate 1
Neutrel2 uses atac
Squirtle HP: 64
Neutrel2 HP: 16
Squirtle uses abilitate 2
Neutrel2 uses atac
Squirtle HP: 64
Neutrel2 HP: 14
Squirtle uses atac
Neutrel2 stunned
Squirtle HP: 64
Neutrel2 HP: 8
Squirtle uses atac
Neutrel2 uses atac
Squirtle HP: 64
Neutrel2 HP: 2
Squirtle uses abilitate 1
Neutrel2 uses atac
Squirtle HP: 64
Neutrel2 HP: 0

Congratiulations! You won this fight!Squirtle has leveled up!
New stats for Squirtle HP: 65
ATT: 0 Sp. ATT: 8
DEF: 11 Sp. DEF: 10

-----Ash VS Paul-----
Pikachu uses atac
Squirtle uses atac
Pikachu HP: 40
Squirtle HP: 65
Pikachu uses abilitate 1
Squirtle uses abilitate 2
Pikachu HP: 38
Squirtle HP: 59
Pikachu stunned
Squirtle uses atac
Pikachu HP: 38
Squirtle HP: 59
Pikachu uses abilitate 2
Squirtle uses abilitate 1
Pikachu HP: 34
Squirtle HP: 55
Pikachu uses atac
Squirtle stunned
Pikachu HP: 34
Squirtle HP: 55
Pikachu uses atac
Squirtle uses atac
Pikachu HP: 34
Squirtle HP: 55
Pikachu uses atac
Squirtle uses abilitate 2
Pikachu HP: 32
Squirtle HP: 55
Pikachu stunned
Squirtle uses atac
Pikachu HP: 32
Squirtle HP: 55
Pikachu uses atac
Squirtle uses abilitate 1
Pikachu HP: 28
Squirtle HP: 55
Pikachu uses atac
Squirtle uses abilitate 2
Pikachu HP: 26
Squirtle HP: 55
Pikachu stunned
Squirtle uses atac
Pikachu HP: 26
Squirtle HP: 55
Pikachu uses abilitate 1
Squirtle uses atac
Pikachu HP: 26
Squirtle HP: 49
Pikachu uses abilitate 2
Squirtle uses abilitate 1
Pikachu HP: 22
Squirtle HP: 45
Pikachu uses atac
Squirtle stunned
Pikachu HP: 22
Squirtle HP: 45
Pikachu uses atac
Squirtle uses abilitate 2
Pikachu HP: 20
Squirtle HP: 45
Pikachu stunned
Squirtle uses atac
Pikachu HP: 20
Squirtle HP: 45
Pikachu uses abilitate 1
Squirtle uses atac
Pikachu HP: 20
Squirtle HP: 39
Pikachu uses atac
Squirtle uses abilitate 2
Pikachu HP: 18
Squirtle HP: 39
Pikachu stunned
Squirtle uses atac
Pikachu HP: 18
Squirtle HP: 39
Pikachu uses abilitate 2
Squirtle uses abilitate 1
Pikachu HP: 14
Squirtle HP: 35
Pikachu uses atac
Squirtle stunned
Pikachu HP: 14
Squirtle HP: 35
Pikachu uses atac
Squirtle uses atac
Pikachu HP: 14
Squirtle HP: 35
Pikachu uses atac
Squirtle uses abilitate 2
Pikachu HP: 12
Squirtle HP: 35
Pikachu stunned
Squirtle uses atac
Pikachu HP: 12
Squirtle HP: 35
Pikachu uses atac
Squirtle uses atac
Pikachu HP: 12
Squirtle HP: 35
Pikachu uses abilitate 1
Squirtle uses abilitate 1
Pikachu HP: 8
Squirtle HP: 29
Pikachu uses atac
Squirtle uses abilitate 2
Pikachu HP: 6
Squirtle HP: 29
Pikachu stunned
Squirtle uses atac
Pikachu HP: 6
Squirtle HP: 29
Pikachu uses abilitate 2
Squirtle uses atac
Pikachu HP: 6
Squirtle HP: 25
Pikachu uses atac
Squirtle stunned
Pikachu HP: 6
Squirtle HP: 25
Pikachu uses atac
Squirtle uses abilitate 1
Pikachu HP: 2
Squirtle HP: 25
Pikachu uses abilitate 1
Squirtle uses abilitate 2
Pikachu HP: 0
Squirtle HP: 19
Congratiulations! Trainer Paul won this fight!Squirtle has leveled up!
New stats for Squirtle HP: 66
ATT: 0 Sp. ATT: 9
DEF: 12 Sp. DEF: 11

-----Ash VS Paul-----
Bulbasaur uses abilitate 1
Snorlax uses atac
Bulbasaur HP: 44
Snorlax HP: 56
Bulbasaur uses abilitate 2
Snorlax missed
Bulbasaur HP: 44
Snorlax HP: 51
Bulbasaur uses atac
Snorlax uses atac
Bulbasaur HP: 44
Snorlax HP: 50
Bulbasaur uses atac
Snorlax uses abilitate 2
Bulbasaur HP: 44
Snorlax HP: 49
Bulbasaur missed
Snorlax uses abilitate 1
Bulbasaur HP: 40
Snorlax HP: 49
Bulbasaur stunned
Snorlax uses atac
Bulbasaur HP: 40
Snorlax HP: 49
Bulbasaur uses atac
Snorlax uses atac
Bulbasaur HP: 40
Snorlax HP: 48
Bulbasaur uses atac
Snorlax uses atac
Bulbasaur HP: 40
Snorlax HP: 47
Bulbasaur uses abilitate 1
Snorlax uses atac
Bulbasaur HP: 40
Snorlax HP: 41
Bulbasaur uses atac
Snorlax missed
Bulbasaur HP: 40
Snorlax HP: 40
Bulbasaur uses atac
Snorlax uses abilitate 1
Bulbasaur HP: 36
Snorlax HP: 39
Bulbasaur stunned
Snorlax uses abilitate 2
Bulbasaur HP: 36
Snorlax HP: 39
Bulbasaur uses abilitate 2
Snorlax uses atac
Bulbasaur HP: 36
Snorlax HP: 34
Bulbasaur uses abilitate 1
Snorlax uses atac
Bulbasaur HP: 36
Snorlax HP: 28
Bulbasaur uses atac
Snorlax missed
Bulbasaur HP: 36
Snorlax HP: 27
Bulbasaur uses atac
Snorlax uses atac
Bulbasaur HP: 36
Snorlax HP: 26
Bulbasaur uses abilitate 2
Snorlax uses abilitate 1
Bulbasaur HP: 32
Snorlax HP: 21
Bulbasaur stunned
Snorlax uses abilitate 2
Bulbasaur HP: 32
Snorlax HP: 21
Bulbasaur missed
Snorlax uses atac
Bulbasaur HP: 32
Snorlax HP: 21
Bulbasaur uses abilitate 1
Snorlax uses atac
Bulbasaur HP: 32
Snorlax HP: 15
Bulbasaur uses atac
Snorlax missed
Bulbasaur HP: 32
Snorlax HP: 14
Bulbasaur uses atac
Snorlax uses atac
Bulbasaur HP: 32
Snorlax HP: 13
Bulbasaur uses atac
Snorlax uses abilitate 1
Bulbasaur HP: 28
Snorlax HP: 12
Bulbasaur stunned
Snorlax uses abilitate 2
Bulbasaur HP: 28
Snorlax HP: 12
Bulbasaur uses abilitate 2
Snorlax uses atac
Bulbasaur HP: 28
Snorlax HP: 7
Bulbasaur uses abilitate 1
Snorlax uses atac
Bulbasaur HP: 28
Snorlax HP: 1
Bulbasaur uses atac
Snorlax missed
Bulbasaur HP: 28
Snorlax HP: 0
Congratiulations! Trainer Ash won this fight!Bulbasaur has leveled up!
New stats for Bulbasaur HP: 45
ATT: 0 Sp. ATT: 11
DEF: 4 Sp. DEF: 2

-----Charmander VS Neutrel 1-----
Charmander uses abilitate 1
Neutrel1 uses atac
Charmander HP: 60
Neutrel1 HP: 6
Charmander uses atac
Neutrel1 stunned
Charmander HP: 60
Neutrel1 HP: 0

Congratiulations! You won this fight!Charmander has leveled up!
New stats for Charmander HP: 61
ATT: 8 Sp. ATT: 0
DEF: 6 Sp. DEF: 5

-----Vulpix VS Neutrel 1-----
Vulpix uses abilitate 2
Neutrel1 uses atac
Vulpix HP: 46
Neutrel1 HP: 8
Vulpix uses atac
Neutrel1 missed
Vulpix HP: 46
Neutrel1 HP: 1
Vulpix uses atac
Neutrel1 uses atac
Vulpix HP: 46
Neutrel1 HP: 0

Congratiulations! You won this fight!Vulpix has leveled up!
New stats for Vulpix HP: 47
ATT: 9 Sp. ATT: 0
DEF: 4 Sp. DEF: 5

-----Charmander VS Neutrel 1-----
Charmander uses atac
Neutrel1 uses atac
Charmander HP: 61
Neutrel1 HP: 3
Charmander uses abilitate 2
Neutrel1 uses atac
Charmander HP: 61
Neutrel1 HP: 0

Congratiulations! You won this fight!Charmander has leveled up!
New stats for Charmander HP: 62
ATT: 9 Sp. ATT: 0
DEF: 7 Sp. DEF: 6

-----Vulpix VS Neutrel 1-----
Vulpix uses abilitate 1
Neutrel1 uses atac
Vulpix HP: 47
Neutrel1 HP: 2
Vulpix uses atac
Neutrel1 stunned
Vulpix HP: 47
Neutrel1 HP: 0

Congratiulations! You won this fight!Vulpix has leveled up!
New stats for Vulpix HP: 48
ATT: 10 Sp. ATT: 0
DEF: 5 Sp. DEF: 6

-----Ash VS Paul-----
Charmander uses atac
Vulpix uses atac
Charmander HP: 59
Vulpix HP: 44
Charmander uses atac
Vulpix uses atac
Charmander HP: 56
Vulpix HP: 40
Charmander uses abilitate 1
Vulpix uses atac
Charmander HP: 53
Vulpix HP: 36
Charmander uses atac
Vulpix stunned
Charmander HP: 53
Vulpix HP: 32
Charmander uses atac
Vulpix uses atac
Charmander HP: 50
Vulpix HP: 28
Charmander uses atac
Vulpix uses abilitate 1
Charmander HP: 42
Vulpix HP: 24
Charmander stunned
Vulpix uses abilitate 2
Charmander HP: 40
Vulpix HP: 24
Charmander uses abilitate 2
Vulpix uses atac
Charmander HP: 37
Vulpix HP: 17
Charmander uses abilitate 1
Vulpix uses atac
Charmander HP: 34
Vulpix HP: 13
Charmander uses atac
Vulpix stunned
Charmander HP: 34
Vulpix HP: 9
Charmander uses atac
Vulpix uses atac
Charmander HP: 31
Vulpix HP: 5
Charmander uses atac
Vulpix uses atac
Charmander HP: 28
Vulpix HP: 1
Charmander uses atac
Vulpix uses atac
Charmander HP: 25
Vulpix HP: 0
Congratiulations! Trainer Ash won this fight!Charmander has leveled up!
New stats for Charmander HP: 63
ATT: 10 Sp. ATT: 0
DEF: 8 Sp. DEF: 7

-----Charmander VS Neutrel 2-----
Charmander uses atac
Neutrel2 uses atac
Charmander HP: 63
Neutrel2 HP: 11
Charmander uses abilitate 2
Neutrel2 uses atac
Charmander HP: 63
Neutrel2 HP: 4
Charmander uses atac
Neutrel2 uses atac
Charmander HP: 63
Neutrel2 HP: 0

Congratiulations! You won this fight!Charmander has leveled up!
New stats for Charmander HP: 64
ATT: 11 Sp. ATT: 0
DEF: 9 Sp. DEF: 8

-----Squirtle VS Neutrel 2-----
Squirtle uses atac
Neutrel2 uses atac
Squirtle HP: 66
Neutrel2 HP: 12
Squirtle uses atac
Neutrel2 uses atac
Squirtle HP: 66
Neutrel2 HP: 4
Squirtle uses abilitate 1
Neutrel2 uses atac
Squirtle HP: 66
Neutrel2 HP: 0

Congratiulations! You won this fight!Squirtle has leveled up!
New stats for Squirtle HP: 67
ATT: 0 Sp. ATT: 10
DEF: 13 Sp. DEF: 12

-----Charmander VS Neutrel 1-----
Charmander uses abilitate 1
Neutrel1 uses atac
Charmander HP: 64
Neutrel1 HP: 6
Charmander uses atac
Neutrel1 stunned
Charmander HP: 64
Neutrel1 HP: 0

Congratiulations! You won this fight!Charmander has leveled up!
New stats for Charmander HP: 65
ATT: 12 Sp. ATT: 0
DEF: 10 Sp. DEF: 9

-----Squirtle VS Neutrel 1-----
Squirtle uses abilitate 2
Neutrel1 uses atac
Squirtle HP: 67
Neutrel1 HP: 8
Squirtle uses atac
Neutrel1 stunned
Squirtle HP: 67
Neutrel1 HP: 0

Congratiulations! You won this fight!Squirtle has leveled up!
New stats for Squirtle HP: 68
ATT: 0 Sp. ATT: 11
DEF: 14 Sp. DEF: 13

-----Charmander VS Neutrel 1-----
Charmander uses atac
Neutrel1 uses atac
Charmander HP: 65
Neutrel1 HP: 0

Congratiulations! You won this fight!Charmander has leveled up!
New stats for Charmander HP: 66
ATT: 13 Sp. ATT: 0
DEF: 11 Sp. DEF: 10

-----Squirtle VS Neutrel 1-----
Squirtle uses atac
Neutrel1 uses atac
Squirtle HP: 68
Neutrel1 HP: 0

Congratiulations! You won this fight!Squirtle has leveled up!
New stats for Squirtle HP: 69
ATT: 0 Sp. ATT: 12
DEF: 15 Sp. DEF: 14

-----Charmander VS Neutrel 1-----
Charmander uses atac
Neutrel1 uses atac
Charmander HP: 66
Neutrel1 HP: 0

Congratiulations! You won this fight!Charmander has leveled up!
New stats for Charmander HP: 67
ATT: 14 Sp. ATT: 0
DEF: 12 Sp. DEF: 11

-----Squirtle VS Neutrel 1-----
Squirtle uses atac
Neutrel1 uses atac
Squirtle HP: 69
Neutrel1 HP: 0

Congratiulations! You won this fight!Squirtle has leveled up!
New stats for Squirtle HP: 70
ATT: 0 Sp. ATT: 13
DEF: 16 Sp. DEF: 15

-----Charmander VS Neutrel 2-----
Charmander uses atac
Neutrel2 uses atac
Charmander HP: 67
Neutrel2 HP: 7
Charmander uses abilitate 2
Neutrel2 uses atac
Charmander HP: 67
Neutrel2 HP: 0

Congratiulations! You won this fight!Charmander has leveled up!
New stats for Charmander HP: 68
ATT: 15 Sp. ATT: 0
DEF: 13 Sp. DEF: 12

-----Squirtle VS Neutrel 2-----
Squirtle uses abilitate 2
Neutrel2 uses atac
Squirtle HP: 70
Neutrel2 HP: 18
Squirtle uses atac
Neutrel2 stunned
Squirtle HP: 70
Neutrel2 HP: 6
Squirtle uses abilitate 1
Neutrel2 uses atac
Squirtle HP: 70
Neutrel2 HP: 2
Squirtle uses abilitate 2
Neutrel2 uses atac
Squirtle HP: 70
Neutrel2 HP: 0

Congratiulations! You won this fight!Squirtle has leveled up!
New stats for Squirtle HP: 71
ATT: 0 Sp. ATT: 14
DEF: 17 Sp. DEF: 16

-----Ash VS Paul-----
Charmander uses abilitate 1
Squirtle uses atac
Charmander HP: 66
Squirtle HP: 67
Charmander uses atac
Squirtle stunned
Charmander HP: 66
Squirtle HP: 67
Charmander uses atac
Squirtle uses abilitate 2
Charmander HP: 64
Squirtle HP: 67
Charmander stunned
Squirtle uses atac
Charmander HP: 62
Squirtle HP: 67
Charmander uses atac
Squirtle uses atac
Charmander HP: 60
Squirtle HP: 67
Charmander uses abilitate 1
Squirtle uses atac
Charmander HP: 58
Squirtle HP: 63
Charmander uses abilitate 2
Squirtle stunned
Charmander HP: 58
Squirtle HP: 56
Charmander uses atac
Squirtle uses atac
Charmander HP: 56
Squirtle HP: 56
Charmander uses atac
Squirtle uses atac
Charmander HP: 54
Squirtle HP: 56
Charmander uses atac
Squirtle uses abilitate 2
Charmander HP: 52
Squirtle HP: 56
Charmander stunned
Squirtle uses atac
Charmander HP: 50
Squirtle HP: 56
Charmander uses atac
Squirtle uses abilitate 1
Charmander HP: 46
Squirtle HP: 56
Charmander uses atac
Squirtle uses atac
Charmander HP: 44
Squirtle HP: 56
Charmander uses abilitate 2
Squirtle uses atac
Charmander HP: 42
Squirtle HP: 49
Charmander uses atac
Squirtle uses abilitate 2
Charmander HP: 40
Squirtle HP: 49
Charmander stunned
Squirtle uses atac
Charmander HP: 38
Squirtle HP: 49
Charmander uses atac
Squirtle uses abilitate 1
Charmander HP: 34
Squirtle HP: 49
Charmander uses abilitate 1
Squirtle uses atac
Charmander HP: 32
Squirtle HP: 45
Charmander uses atac
Squirtle stunned
Charmander HP: 32
Squirtle HP: 45
Charmander uses atac
Squirtle uses atac
Charmander HP: 30
Squirtle HP: 45
Charmander uses abilitate 2
Squirtle uses abilitate 2
Charmander HP: 28
Squirtle HP: 38
Charmander stunned
Squirtle uses abilitate 1
Charmander HP: 24
Squirtle HP: 38
Charmander uses abilitate 1
Squirtle uses atac
Charmander HP: 22
Squirtle HP: 34
Charmander uses atac
Squirtle stunned
Charmander HP: 22
Squirtle HP: 34
Charmander uses atac
Squirtle uses abilitate 2
Charmander HP: 20
Squirtle HP: 34
Charmander stunned
Squirtle uses abilitate 1
Charmander HP: 16
Squirtle HP: 34
Charmander uses atac
Squirtle uses atac
Charmander HP: 14
Squirtle HP: 34
Charmander uses abilitate 2
Squirtle uses atac
Charmander HP: 12
Squirtle HP: 27
Charmander uses atac
Squirtle uses abilitate 2
Charmander HP: 10
Squirtle HP: 27
Charmander stunned
Squirtle uses abilitate 1
Charmander HP: 6
Squirtle HP: 27
Charmander uses abilitate 1
Squirtle uses atac
Charmander HP: 4
Squirtle HP: 23
Charmander uses atac
Squirtle stunned
Charmander HP: 4
Squirtle HP: 23
Charmander uses atac
Squirtle uses abilitate 2
Charmander HP: 2
Squirtle HP: 23
Charmander stunned
Squirtle uses atac
Charmander HP: 0
Squirtle HP: 23
Congratiulations! Trainer Paul won this fight!Squirtle has leveled up!
New stats for Squirtle HP: 72
ATT: 0 Sp. ATT: 15
DEF: 18 Sp. DEF: 17

